<?xml version="1.0" encoding="UTF-8"?>
<!-- Generated by org.testng.reporters.JUnitReportReporter -->
<testsuite hostname="DESKTOP-5PV4UM2" failures="0" tests="6" name="org.tester.TestNgFourth" time="4.339" errors="0" timestamp="2025-02-15T21:39:59 IST" skipped="1">
  <testcase classname="org.tester.TestNgFourth" name="tc5" time="0.008"/>
  <testcase classname="org.tester.TestNgFourth" name="tc1" time="4.306"/>
  <testcase classname="org.tester.TestNgFourth" name="tc5" time="0.011"/>
  <testcase classname="org.tester.TestNgFourth" name="tc5" time="0.006"/>
  <testcase classname="org.tester.TestNgFourth" name="tc4" time="0.008"/>
  <testcase classname="org.tester.TestNgFourth" name="tc8">
    <skipped/>
  </testcase> <!-- tc8 -->
</testsuite> <!-- org.tester.TestNgFourth -->
